[2026-01-16 12:26:12] LOGIN_SUCCESS - User root root (1)
[2026-01-16 12:43:53] CSRF_ALERT - Token=NULL session=NULL
[2026-01-16 12:43:56] LOGIN_SUCCESS - User root root (1)
[2026-01-16 13:49:44] CSRF_ALERT - Token=NULL session=NULL
[2026-01-16 13:50:28] LOGIN_SUCCESS - User Jean Cortés Lorca (42)
[2026-01-16 14:01:26] CSRF_ALERT - Token=NULL session=NULL
[2026-01-16 14:01:29] LOGIN_SUCCESS - User root root (1)
[2026-01-16 14:45:20] CSRF_ALERT - Token=NULL session=NULL
[2026-01-16 14:45:23] LOGIN_SUCCESS - User root root (1)
[2026-01-16 19:39:36] CSRF_ALERT - Token=NULL session=NULL
[2026-01-16 19:39:41] LOGIN_SUCCESS - User root root (1)
[2026-01-16 20:47:47] CSRF_ALERT - Token=NULL session=NULL
[2026-01-16 20:47:50] LOGIN_SUCCESS - User root root (1)
[2026-01-19 13:14:16] LOGIN_SUCCESS - User root root (1)
[2026-01-19 13:28:14] CSRF_ALERT - Token=NULL session=NULL
[2026-01-19 13:28:18] LOGIN_SUCCESS - User root root (1)
[2026-01-19 13:47:27] LOGIN_SUCCESS - User Jean Cortés Lorca (42)
[2026-01-19 14:38:26] CSRF_ALERT - Token=NULL session=NULL
[2026-01-19 14:38:32] LOGIN_SUCCESS - User Jean Cortés Lorca (42)
[2026-01-19 17:59:36] CSRF_ALERT - Token=NULL session=NULL
[2026-01-19 17:59:42] LOGIN_SUCCESS - User Jean Cortés Lorca (42)
[2026-01-19 19:16:52] CSRF_ALERT - Token=NULL session=NULL
[2026-01-19 19:16:56] LOGIN_FAILURE - Intento con "42"
[2026-01-19 19:16:59] LOGIN_SUCCESS - User Jean Cortés Lorca (42)
[2026-01-19 20:58:40] LOGIN_SUCCESS - User Jean Cortés Lorca (42)
[2026-01-20 13:36:34] LOGIN_SUCCESS - User root root (1)
[2026-01-20 13:36:48] LOGIN_FAILURE - Intento con "1900666673"
[2026-01-20 13:36:57] LOGIN_SUCCESS - User Jean Cortés Lorca (19.006.667-3)
[2026-01-20 13:39:06] LOGIN_SUCCESS - User root root (1)
[2026-01-20 13:39:54] LOGIN_SUCCESS - User Jean Cortés Lorca (42)
[2026-01-20 13:57:33] CSRF_ALERT - Token=NULL session=NULL
[2026-01-20 13:57:38] LOGIN_SUCCESS - User root root (1)
[2026-01-20 13:57:58] LOGIN_SUCCESS - User Jean Cortés Lorca (42)
[2026-01-20 14:14:48] CSRF_ALERT - Token=NULL session=NULL
[2026-01-20 14:14:53] LOGIN_SUCCESS - User Jean Cortés Lorca (42)
[2026-01-20 15:59:42] LOGIN_SUCCESS - User Daniel Ulloa (9)
[2026-01-20 16:00:14] LOGIN_SUCCESS - User Jean Cortés Lorca (42)
[2026-01-20 16:23:56] CSRF_ALERT - Token=NULL session=NULL
[2026-01-20 16:23:59] LOGIN_SUCCESS - User root root (1)
[2026-01-20 16:28:46] LOGIN_SUCCESS - User Hernan Ulloa (117)
[2026-01-20 16:33:28] LOGIN_FAILURE - Intento con "117"
[2026-01-20 16:33:37] LOGIN_FAILURE - Intento con "117"
[2026-01-20 16:33:53] LOGIN_FAILURE - Intento con "117"
[2026-01-20 16:34:01] LOGIN_SUCCESS - User Hernan Ulloa (117)
[2026-01-20 16:37:24] LOGIN_SUCCESS - User root root (1)
[2026-01-20 17:16:48] LOGIN_FAILURE - Intento con "117"
[2026-01-20 17:16:55] LOGIN_SUCCESS - User Hernan Ulloa (117)
[2026-01-20 17:27:04] LOGIN_SUCCESS - User root root (1)
[2026-01-20 18:34:21] CSRF_ALERT - Token=NULL session=NULL
[2026-01-20 18:34:29] LOGIN_SUCCESS - User Hernan Ulloa (117)
[2026-01-20 18:34:48] CSRF_ALERT - Token=NULL session=NULL
[2026-01-20 18:34:53] LOGIN_SUCCESS - User root root (1)
